DEBUG:root:Order:2 3 10.0
DEBUG:root:Finish turn

DEBUG:root:Order:2 4 10.0
DEBUG:root:Finish turn

DEBUG:root:Order:2 19 15.0
DEBUG:root:Finish turn

DEBUG:root:Order:2 20 15.0
DEBUG:root:Order:2 4 32
DEBUG:root:Finish turn

DEBUG:root:Order:2 15 20.0
DEBUG:root:Bad order:4 3.0 8
DEBUG:root:Finish turn

DEBUG:root:Order:2 16 20.0
DEBUG:root:Order:4 0 26.0
DEBUG:root:Order:4 2 4
DEBUG:root:Finish turn

DEBUG:root:Order:2 4 1
DEBUG:root:Finish turn

DEBUG:root:Order:2 19 6
DEBUG:root:Order:4 19 2
DEBUG:root:Finish turn

DEBUG:root:Order:2 19 2
DEBUG:root:Order:2 4 2
DEBUG:root:Finish turn

DEBUG:root:Order:2 19 1
DEBUG:root:Order:4 19 1
DEBUG:root:Finish turn

DEBUG:root:Order:2 19 1
DEBUG:root:Order:2 4 2
DEBUG:root:Finish turn

DEBUG:root:Order:2 15 6
DEBUG:root:Order:4 15 5
DEBUG:root:Order:19 15 2
DEBUG:root:Finish turn

DEBUG:root:Order:2 15 1
DEBUG:root:Order:2 19 1
DEBUG:root:Order:2 4 2
DEBUG:root:Finish turn

DEBUG:root:Order:2 19 1
DEBUG:root:Order:4 19 1
DEBUG:root:Finish turn

DEBUG:root:Order:2 19 1
DEBUG:root:Order:2 4 2
DEBUG:root:Finish turn

DEBUG:root:Order:2 19 1
DEBUG:root:Finish turn

DEBUG:root:Order:2 19 2
DEBUG:root:Finish turn

DEBUG:root:Order:2 19 3
DEBUG:root:Order:2 4 1
DEBUG:root:Finish turn

DEBUG:root:Order:2 0 8
DEBUG:root:Order:15 0 8
DEBUG:root:Order:4 0 6
DEBUG:root:Order:19 0 5
DEBUG:root:Finish turn

DEBUG:root:Order:2 0 1
DEBUG:root:Order:2 19 1
DEBUG:root:Order:2 4 2
DEBUG:root:Finish turn

DEBUG:root:Order:2 0 1
DEBUG:root:Order:2 19 1
DEBUG:root:Finish turn

DEBUG:root:Order:2 0 1
DEBUG:root:Order:15 0 1
DEBUG:root:Order:15 19 1
DEBUG:root:Finish turn

DEBUG:root:Order:2 9 40.0
DEBUG:root:Order:4 2 8
DEBUG:root:Order:15 2 8
DEBUG:root:Bad order:0 5.0 6
DEBUG:root:Order:19 2 5
DEBUG:root:Finish turn

DEBUG:root:Order:0 2 5
DEBUG:root:Order:0 19 1
DEBUG:root:Finish turn

DEBUG:root:Order:2 0 2
DEBUG:root:Order:2 19 1
DEBUG:root:Order:2 4 2
DEBUG:root:Order:15 4 1
DEBUG:root:Finish turn

DEBUG:root:Order:4 0 1
DEBUG:root:Order:4 19 1
DEBUG:root:Finish turn

DEBUG:root:Order:15 10 40.0
DEBUG:root:Order:2 15 10
DEBUG:root:Order:4 15 7
DEBUG:root:Bad order:0 3.0 5
DEBUG:root:Order:19 15 5
DEBUG:root:Finish turn

DEBUG:root:Order:0 15 4
DEBUG:root:Order:2 15 3
DEBUG:root:Order:2 19 3
DEBUG:root:Finish turn

DEBUG:root:Order:19 0 1
DEBUG:root:Finish turn

DEBUG:root:Order:2 0 1
DEBUG:root:Order:2 19 1
DEBUG:root:Order:2 4 2
DEBUG:root:Finish turn

DEBUG:root:Order:2 0 1
DEBUG:root:Order:2 19 1
DEBUG:root:Finish turn

DEBUG:root:Order:2 0 1
DEBUG:root:Order:15 0 1
DEBUG:root:Order:15 19 1
DEBUG:root:Finish turn

DEBUG:root:Order:2 19 2
DEBUG:root:Order:2 0 1
DEBUG:root:Finish turn

DEBUG:root:Order:4 5 46.0
DEBUG:root:Order:2 9 18
DEBUG:root:Order:15 9 13
DEBUG:root:Order:15 4 16
DEBUG:root:Order:0 4 13
DEBUG:root:Order:19 4 1
DEBUG:root:Finish turn

DEBUG:root:Order:19 15 11
DEBUG:root:Order:19 0 11
DEBUG:root:Order:2 0 3
DEBUG:root:Finish turn

DEBUG:root:Order:0 19 11
DEBUG:root:Order:2 19 1
DEBUG:root:Order:2 4 1
DEBUG:root:Order:2 9 1
DEBUG:root:Order:2 15 2
DEBUG:root:Finish turn

DEBUG:root:Order:15 19 11
DEBUG:root:Order:2 19 9
DEBUG:root:Order:0 19 8
DEBUG:root:Order:4 19 8
DEBUG:root:Bad order:9 7.0 8
DEBUG:root:Finish turn

DEBUG:root:Bad order:9 9.0 13
DEBUG:root:Order:2 5 8
DEBUG:root:Order:15 5 6
DEBUG:root:Bad order:4 3.0 5
DEBUG:root:Order:0 5 4
DEBUG:root:Finish turn

DEBUG:root:Order:9 19 10
DEBUG:root:Bad order:9 1.0 6
DEBUG:root:Order:9 0 1
DEBUG:root:Finish turn

DEBUG:root:Order:2 5 4
DEBUG:root:Order:2 0 2
DEBUG:root:Order:2 19 2
DEBUG:root:Finish turn

DEBUG:root:Order:4 0 2
DEBUG:root:Order:4 19 2
DEBUG:root:Order:4 2 1
DEBUG:root:Order:4 9 2
DEBUG:root:Order:5 9 1
DEBUG:root:Finish turn

DEBUG:root:Order:19 11 54.0
DEBUG:root:Order:5 0 19
DEBUG:root:Order:2 0 18
DEBUG:root:Order:9 0 6
DEBUG:root:Bad order:9 0.0 18
DEBUG:root:Order:15 19 17
DEBUG:root:Order:4 19 11
DEBUG:root:Finish turn

DEBUG:root:Bad order:9 2.0 11
DEBUG:root:Order:2 19 2
DEBUG:root:Order:5 19 2
DEBUG:root:Finish turn

DEBUG:root:Bad order:9 4.0 14
DEBUG:root:Order:2 11 6
DEBUG:root:Order:5 11 6
DEBUG:root:Order:15 11 4
DEBUG:root:Order:4 11 2
DEBUG:root:Finish turn

DEBUG:root:Order:9 19 9
DEBUG:root:Order:9 11 4
DEBUG:root:Order:9 0 1
DEBUG:root:Bad order:9 10.0 13
DEBUG:root:Order:2 4 2
DEBUG:root:Order:5 4 2
DEBUG:root:Finish turn

DEBUG:root:Order:2 0 2
DEBUG:root:Order:2 19 2
DEBUG:root:Order:2 9 1
DEBUG:root:Finish turn

DEBUG:root:Order:5 0 2
DEBUG:root:Order:5 19 2
DEBUG:root:Order:5 9 1
DEBUG:root:Order:5 2 4
DEBUG:root:Order:4 2 1
DEBUG:root:Order:11 2 1
DEBUG:root:Finish turn

DEBUG:root:Order:19 14 62.0
DEBUG:root:Order:2 19 15
DEBUG:root:Order:11 19 9
DEBUG:root:Order:15 19 8
DEBUG:root:Order:4 19 7
DEBUG:root:Order:9 19 6
DEBUG:root:Order:0 19 5
DEBUG:root:Order:5 19 5
DEBUG:root:Finish turn

DEBUG:root:Order:2 19 2
DEBUG:root:Order:5 19 1
DEBUG:root:Order:5 0 1
DEBUG:root:Order:5 4 2
DEBUG:root:Order:11 4 1
DEBUG:root:Finish turn

DEBUG:root:Order:2 0 2
DEBUG:root:Order:2 19 2
DEBUG:root:Order:2 9 1
DEBUG:root:Finish turn

DEBUG:root:Order:5 9 12
DEBUG:root:Order:11 9 12
DEBUG:root:Order:4 9 10
DEBUG:root:Order:15 9 10
DEBUG:root:Order:2 9 9
DEBUG:root:Order:0 9 7
DEBUG:root:Order:19 9 7
DEBUG:root:Finish turn

DEBUG:root:Order:2 9 2
DEBUG:root:Order:5 9 2
DEBUG:root:Order:11 9 1
DEBUG:root:Finish turn

DEBUG:root:Order:2 0 3
DEBUG:root:Order:2 19 3
DEBUG:root:Order:2 9 2
DEBUG:root:Order:2 4 1
DEBUG:root:Finish turn

DEBUG:root:Order:5 2 4
DEBUG:root:Order:5 19 2
DEBUG:root:Order:5 4 1
DEBUG:root:Order:5 9 1
DEBUG:root:Finish turn

DEBUG:root:Order:11 19 2
DEBUG:root:Order:11 4 1
DEBUG:root:Order:11 5 1
DEBUG:root:Order:11 9 1
DEBUG:root:Finish turn

DEBUG:root:Order:19 7 64.0
DEBUG:root:Order:2 19 17
DEBUG:root:Order:5 19 15
DEBUG:root:Order:15 19 14
DEBUG:root:Order:11 19 6
DEBUG:root:Order:11 0 13
DEBUG:root:Order:4 0 12
DEBUG:root:Order:9 0 6
DEBUG:root:Finish turn

DEBUG:root:Order:9 11 5
DEBUG:root:Order:9 0 3
DEBUG:root:Order:9 4 1
DEBUG:root:Finish turn

DEBUG:root:Order:2 14 16
DEBUG:root:Order:5 14 16
DEBUG:root:Order:11 14 13
DEBUG:root:Order:15 14 12
DEBUG:root:Order:4 14 11
DEBUG:root:Order:0 14 10
DEBUG:root:Order:9 14 7
DEBUG:root:Finish turn

DEBUG:root:Order:2 14 2
DEBUG:root:Order:5 14 1
DEBUG:root:Order:5 0 1
DEBUG:root:Order:5 4 2
DEBUG:root:Order:11 4 1
DEBUG:root:Finish turn

DEBUG:root:Order:2 0 2
DEBUG:root:Order:2 9 1
DEBUG:root:Finish turn

DEBUG:root:Order:5 19 6
DEBUG:root:Order:11 19 6
DEBUG:root:Order:2 19 5
DEBUG:root:Order:14 19 5
DEBUG:root:Order:4 19 4
DEBUG:root:Order:15 19 4
DEBUG:root:Order:9 19 2
DEBUG:root:Finish turn

DEBUG:root:Order:9 8 64.0
DEBUG:root:Order:2 9 9
DEBUG:root:Order:5 9 9
DEBUG:root:Order:11 9 8
DEBUG:root:Order:14 9 8
DEBUG:root:Order:15 9 7
DEBUG:root:Order:4 9 6
DEBUG:root:Order:19 9 4
DEBUG:root:Finish turn

DEBUG:root:Order:2 9 2
DEBUG:root:Order:5 9 2
DEBUG:root:Order:11 9 1
DEBUG:root:Order:14 9 1
DEBUG:root:Finish turn

DEBUG:root:Order:2 19 2
DEBUG:root:Order:5 19 1
DEBUG:root:Order:5 9 2
DEBUG:root:Order:5 4 1
DEBUG:root:Finish turn

DEBUG:root:Order:2 19 2
DEBUG:root:Order:2 4 1
DEBUG:root:Order:2 9 1
DEBUG:root:Finish turn

DEBUG:root:Order:11 19 2
DEBUG:root:Order:14 19 1
DEBUG:root:Order:14 4 2
DEBUG:root:Order:14 9 2
DEBUG:root:Order:14 2 2
DEBUG:root:Order:5 2 1
DEBUG:root:Finish turn

DEBUG:root:Order:2 14 3
DEBUG:root:Order:2 19 2
DEBUG:root:Order:2 4 1
DEBUG:root:Order:2 9 1
DEBUG:root:Order:2 15 4
DEBUG:root:Order:5 15 2
DEBUG:root:Order:11 15 1
DEBUG:root:Finish turn

DEBUG:root:Order:15 0 12
DEBUG:root:Order:5 0 8
DEBUG:root:Order:11 0 7
DEBUG:root:Order:14 0 6
DEBUG:root:Order:4 0 4
DEBUG:root:Order:19 0 3
DEBUG:root:Order:2 0 1
DEBUG:root:Finish turn

DEBUG:root:Order:14 22 76.0
DEBUG:root:Order:2 14 11
DEBUG:root:Order:5 14 11
DEBUG:root:Order:11 14 10
DEBUG:root:Order:15 14 9
DEBUG:root:Order:4 14 8
DEBUG:root:Order:19 14 7
DEBUG:root:Order:0 14 3
DEBUG:root:Finish turn

DEBUG:root:Order:2 14 2
DEBUG:root:Order:5 14 2
DEBUG:root:Order:11 14 1
DEBUG:root:Order:11 0 1
DEBUG:root:Order:11 19 1
DEBUG:root:Order:11 4 1
DEBUG:root:Finish turn

DEBUG:root:Order:2 19 2
DEBUG:root:Order:2 11 1
DEBUG:root:Order:2 4 2
DEBUG:root:Order:5 4 2
DEBUG:root:Finish turn

DEBUG:root:Order:4 19 1
DEBUG:root:Order:5 19 1
DEBUG:root:Finish turn

DEBUG:root:Order:5 9 9
DEBUG:root:Order:14 9 8
DEBUG:root:Order:2 9 7
DEBUG:root:Order:11 9 7
DEBUG:root:Order:4 9 6
DEBUG:root:Order:15 9 6
DEBUG:root:Order:19 9 3
DEBUG:root:Finish turn

DEBUG:root:Order:2 19 12
DEBUG:root:Order:5 19 12
DEBUG:root:Order:11 19 11
DEBUG:root:Order:15 19 10
DEBUG:root:Order:4 19 9
DEBUG:root:Order:9 19 7
DEBUG:root:Finish turn

DEBUG:root:Order:2 7 15
DEBUG:root:Order:5 7 15
DEBUG:root:Order:11 7 14
DEBUG:root:Order:15 7 13
DEBUG:root:Order:4 7 12
DEBUG:root:Order:9 7 12
DEBUG:root:Order:19 7 7
DEBUG:root:Finish turn

DEBUG:root:Order:2 7 2
DEBUG:root:Order:2 19 1
DEBUG:root:Order:2 4 2
DEBUG:root:Order:5 4 2
DEBUG:root:Order:11 4 1
DEBUG:root:Finish turn

DEBUG:root:Bad order:5 28.0 30
DEBUG:root:Bad order:11 27.0 29
DEBUG:root:Bad order:2 25.0 27
DEBUG:root:Bad order:9 19.0 26
DEBUG:root:Bad order:7 3.0 25
DEBUG:root:Order:19 22 25
DEBUG:root:Finish turn

DEBUG:root:Order:5 22 32
DEBUG:root:Order:11 22 22
DEBUG:root:Bad order:11 9.0 30
DEBUG:root:Order:2 4 29
DEBUG:root:Order:9 4 20
DEBUG:root:Bad order:9 2.0 25
DEBUG:root:Bad order:7 4.0 23
DEBUG:root:Finish turn

DEBUG:root:Bad order:7 5.0 28
DEBUG:root:Bad order:11 13.0 16
DEBUG:root:Order:9 8 11
DEBUG:root:Bad order:2 6.0 9
DEBUG:root:Bad order:5 6.0 9
DEBUG:root:Order:22 8 6
DEBUG:root:Order:4 8 5
DEBUG:root:Order:19 8 3
DEBUG:root:Finish turn

DEBUG:root:Bad order:11 17.0 23
DEBUG:root:Bad order:2 11.0 17
DEBUG:root:Bad order:5 11.0 17
DEBUG:root:Bad order:22 4.0 6
DEBUG:root:Order:4 8 5
DEBUG:root:Bad order:9 3.0 5
DEBUG:root:Order:19 8 4
DEBUG:root:Finish turn

DEBUG:root:Bad order:11 21.0 24
DEBUG:root:Bad order:2 16.0 19
DEBUG:root:Bad order:5 16.0 19
DEBUG:root:Order:9 8 4
DEBUG:root:Finish turn

DEBUG:root:Order:11 8 23
DEBUG:root:Order:2 8 6
DEBUG:root:Bad order:2 15.0 19
DEBUG:root:Order:5 15 19
DEBUG:root:Finish turn

DEBUG:root:Order:2 19 7
DEBUG:root:Order:2 4 4
DEBUG:root:Order:2 15 4
DEBUG:root:Order:2 8 2
DEBUG:root:Finish turn

DEBUG:root:Bad order:5 12.0 16
DEBUG:root:Bad order:2 8.0 12
DEBUG:root:Order:15 11 11
DEBUG:root:Order:4 11 10
DEBUG:root:Bad order:8 6.0 9
DEBUG:root:Order:19 11 9
DEBUG:root:Finish turn

DEBUG:root:Bad order:22 13.0 64
DEBUG:root:Bad order:22 13.0 35
DEBUG:root:Bad order:22 13.0 69
DEBUG:root:Bad order:5 17.0 19
DEBUG:root:Bad order:8 7.0 8
DEBUG:root:Order:15 19 1
DEBUG:root:Finish turn

DEBUG:root:Bad order:22 16.0 62
DEBUG:root:Bad order:22 16.0 34
DEBUG:root:Order:22 19 1
DEBUG:root:Bad order:22 15.0 69
DEBUG:root:Order:5 4 21
DEBUG:root:Order:8 4 6
DEBUG:root:Finish turn

DEBUG:root:Bad order:22 40.0 60
DEBUG:root:Order:22 11 33
DEBUG:root:Order:22 19 2
DEBUG:root:Order:22 8 1
DEBUG:root:Finish turn

DEBUG:root:Bad order:22 7.0 32
DEBUG:root:Order:4 2 24
DEBUG:root:Order:5 2 4
DEBUG:root:Finish turn

DEBUG:root:Bad order:22 10.0 28
DEBUG:root:Order:22 8 4
DEBUG:root:Order:22 19 4
DEBUG:root:Bad order:22 2.0 32
DEBUG:root:Order:5 4 2
DEBUG:root:Order:11 4 1
DEBUG:root:Finish turn

DEBUG:root:Bad order:22 5.0 24
DEBUG:root:Order:5 2 2
DEBUG:root:Order:4 2 1
DEBUG:root:Order:11 2 1
DEBUG:root:Finish turn

DEBUG:root:Bad order:22 8.0 20
DEBUG:root:Order:22 8 4
DEBUG:root:Order:22 19 4
DEBUG:root:Bad order:22 0.0 24
DEBUG:root:Order:5 4 2
DEBUG:root:Order:11 4 1
DEBUG:root:Finish turn

DEBUG:root:Order:22 2 16
DEBUG:root:Order:5 2 2
DEBUG:root:Order:5 19 2
DEBUG:root:Finish turn

DEBUG:root:Order:11 19 2
DEBUG:root:Order:2 19 1
DEBUG:root:Finish turn

DEBUG:root:Order:2 19 1
DEBUG:root:Order:5 19 1
DEBUG:root:Order:5 4 1
DEBUG:root:Order:5 22 1
DEBUG:root:Finish turn

DEBUG:root:Order:2 22 17
DEBUG:root:Order:11 22 16
DEBUG:root:Order:5 22 15
DEBUG:root:Order:4 22 13
DEBUG:root:Order:19 22 12
DEBUG:root:Finish turn

DEBUG:root:Bad order:2 1.0 13
DEBUG:root:Order:5 19 13
DEBUG:root:Order:11 19 12
DEBUG:root:Order:4 19 10
DEBUG:root:Order:22 19 10
DEBUG:root:Finish turn

DEBUG:root:Bad order:5 11.0 17
DEBUG:root:Order:11 2 16
DEBUG:root:Order:22 2 15
DEBUG:root:Order:4 2 14
DEBUG:root:Bad order:19 7.0 8
DEBUG:root:Order:8 2 2
DEBUG:root:Finish turn

DEBUG:root:Bad order:5 16.0 19
DEBUG:root:Order:19 2 6
DEBUG:root:Order:11 2 1
DEBUG:root:Finish turn

DEBUG:root:Order:5 2 19
DEBUG:root:Bad order:5 2.0 3
DEBUG:root:Order:5 19 1
DEBUG:root:Finish turn

DEBUG:root:Bad order:5 6.0 20
DEBUG:root:Order:2 11 18
DEBUG:root:Order:22 11 17
DEBUG:root:Order:19 11 14
DEBUG:root:Order:8 11 11
DEBUG:root:Finish turn

DEBUG:root:Order:2 5 20
DEBUG:root:Bad order:22 4.0 18
DEBUG:root:Bad order:8 4.0 16
DEBUG:root:Order:19 5 16
DEBUG:root:Finish turn

DEBUG:root:Bad order:22 7.0 20
DEBUG:root:Order:2 5 4
DEBUG:root:Finish turn

DEBUG:root:Order:22 5 19
DEBUG:root:Order:22 19 2
DEBUG:root:Order:22 11 1
DEBUG:root:Finish turn

DEBUG:root:Order:2 19 2
DEBUG:root:Order:2 22 2
DEBUG:root:Finish turn

DEBUG:root:Order:5 19 2
DEBUG:root:Finish turn

DEBUG:root:Order:2 19 2
DEBUG:root:Order:5 19 1
DEBUG:root:Order:5 22 1
DEBUG:root:Finish turn

DEBUG:root:Order:2 19 1
DEBUG:root:Order:5 19 1
DEBUG:root:Order:11 19 1
DEBUG:root:Order:11 22 1
DEBUG:root:Finish turn

DEBUG:root:Order:2 19 2
DEBUG:root:Order:5 19 1
DEBUG:root:Order:5 22 1
DEBUG:root:Finish turn

DEBUG:root:Order:2 19 1
DEBUG:root:Order:5 19 1
DEBUG:root:Order:5 22 1
DEBUG:root:Finish turn

DEBUG:root:Order:2 19 1
DEBUG:root:Finish turn

DEBUG:root:Order:2 19 2
DEBUG:root:Order:5 19 2
DEBUG:root:Order:11 19 1
DEBUG:root:Finish turn

DEBUG:root:Order:2 19 1
DEBUG:root:Order:5 19 1
DEBUG:root:Finish turn

DEBUG:root:Order:5 2 39
DEBUG:root:Order:11 2 38
DEBUG:root:Order:19 2 34
DEBUG:root:Finish turn

DEBUG:root:Order:5 19 1
DEBUG:root:Finish turn

DEBUG:root:Order:5 19 2
DEBUG:root:Order:2 19 1
DEBUG:root:Order:11 19 1
DEBUG:root:Finish turn

DEBUG:root:Order:2 19 1
DEBUG:root:Order:5 19 1
DEBUG:root:Finish turn

DEBUG:root:Order:2 19 2
DEBUG:root:Order:11 19 1
DEBUG:root:Finish turn

DEBUG:root:Finish turn

DEBUG:root:Order:2 11 1
DEBUG:root:Finish turn

DEBUG:root:Finish turn

DEBUG:root:Order:2 11 1
DEBUG:root:Finish turn

DEBUG:root:Order:2 11 61
DEBUG:root:Finish turn

DEBUG:root:Finish turn

DEBUG:root:Order:2 11 1
DEBUG:root:Finish turn

DEBUG:root:Finish turn

DEBUG:root:Order:2 11 1
DEBUG:root:Finish turn

DEBUG:root:Finish turn

DEBUG:root:Order:2 11 1
DEBUG:root:Finish turn

DEBUG:root:Finish turn

DEBUG:root:Order:2 11 1
DEBUG:root:Finish turn

DEBUG:root:Finish turn

DEBUG:root:Order:2 11 1
DEBUG:root:Finish turn

DEBUG:root:Finish turn

DEBUG:root:Order:2 11 1
DEBUG:root:Finish turn

DEBUG:root:Finish turn

DEBUG:root:Order:2 11 1
DEBUG:root:Finish turn

DEBUG:root:Finish turn

DEBUG:root:Order:11 2 88
DEBUG:root:Finish turn

DEBUG:root:Finish turn

DEBUG:root:Finish turn

DEBUG:root:Order:2 11 1
DEBUG:root:Finish turn

DEBUG:root:Finish turn

DEBUG:root:Order:2 11 1
DEBUG:root:Finish turn

DEBUG:root:Finish turn

DEBUG:root:Order:2 11 1
DEBUG:root:Finish turn

DEBUG:root:Finish turn

DEBUG:root:Finish turn

DEBUG:root:Finish turn

DEBUG:root:Finish turn

DEBUG:root:Finish turn

DEBUG:root:Finish turn

DEBUG:root:Finish turn

DEBUG:root:Finish turn

DEBUG:root:Finish turn

DEBUG:root:Finish turn

DEBUG:root:Finish turn

DEBUG:root:Finish turn

DEBUG:root:Finish turn

DEBUG:root:Finish turn

DEBUG:root:Finish turn

DEBUG:root:Finish turn

DEBUG:root:Finish turn

DEBUG:root:Finish turn

DEBUG:root:Finish turn

DEBUG:root:Finish turn

DEBUG:root:Finish turn

DEBUG:root:Finish turn

DEBUG:root:Finish turn

DEBUG:root:Finish turn

DEBUG:root:Finish turn

DEBUG:root:Finish turn

DEBUG:root:Finish turn

DEBUG:root:Finish turn

DEBUG:root:Finish turn

DEBUG:root:Finish turn

DEBUG:root:Finish turn

DEBUG:root:Finish turn

